<?xml version="1.0" encoding="UTF-8"?>
<testng-results skipped="0" failed="0" ignored="0" total="1" passed="1">
  <reporter-output>
  </reporter-output>
  <suite name="Suite" duration-ms="9060" started-at="2017-11-21T01:45:31Z" finished-at="2017-11-21T01:45:40Z">
    <groups>
    </groups>
    <test name="Test" duration-ms="9060" started-at="2017-11-21T01:45:31Z" finished-at="2017-11-21T01:45:40Z">
      <class name="VerifyTitle">
        <test-method status="PASS" signature="test_01()[pri:0, instance:VerifyTitle@3498ed]" name="test_01" duration-ms="8913" started-at="2017-11-20T17:45:31Z" finished-at="2017-11-20T17:45:40Z">
          <reporter-output>
          </reporter-output>
        </test-method> <!-- test_01 -->
        <test-method status="PASS" signature="close()[pri:0, instance:VerifyTitle@3498ed]" name="close" is-config="true" duration-ms="126" started-at="2017-11-20T17:45:40Z" finished-at="2017-11-20T17:45:40Z">
          <reporter-output>
          </reporter-output>
        </test-method> <!-- close -->
      </class> <!-- VerifyTitle -->
    </test> <!-- Test -->
  </suite> <!-- Suite -->
</testng-results>
