<?xml version="1.0" encoding="UTF-8"?>
<testng-results skipped="0" failed="0" ignored="0" total="1" passed="1">
  <reporter-output>
  </reporter-output>
  <suite name="Suite" duration-ms="8087" started-at="2017-11-21T05:08:35Z" finished-at="2017-11-21T05:08:43Z">
    <groups>
    </groups>
    <test name="Test" duration-ms="8087" started-at="2017-11-21T05:08:35Z" finished-at="2017-11-21T05:08:43Z">
      <class name="VerifyTitle">
        <test-method status="PASS" signature="setup()[pri:0, instance:VerifyTitle@1a407d53]" name="setup" is-config="true" duration-ms="1844" started-at="2017-11-20T21:08:35Z" finished-at="2017-11-20T21:08:36Z">
          <reporter-output>
          </reporter-output>
        </test-method> <!-- setup -->
        <test-method status="PASS" signature="test_01()[pri:0, instance:VerifyTitle@1a407d53]" name="test_01" duration-ms="6085" started-at="2017-11-20T21:08:36Z" finished-at="2017-11-20T21:08:43Z">
          <reporter-output>
          </reporter-output>
        </test-method> <!-- test_01 -->
        <test-method status="PASS" signature="close()[pri:0, instance:VerifyTitle@1a407d53]" name="close" is-config="true" duration-ms="127" started-at="2017-11-20T21:08:43Z" finished-at="2017-11-20T21:08:43Z">
          <reporter-output>
          </reporter-output>
        </test-method> <!-- close -->
      </class> <!-- VerifyTitle -->
    </test> <!-- Test -->
  </suite> <!-- Suite -->
</testng-results>
