<?xml version="1.0" encoding="UTF-8"?>
<testng-results skipped="0" failed="0" ignored="0" total="1" passed="1">
  <reporter-output>
  </reporter-output>
  <suite name="Suite" duration-ms="12368" started-at="2017-11-21T00:51:45Z" finished-at="2017-11-21T00:51:58Z">
    <groups>
    </groups>
    <test name="Test" duration-ms="12368" started-at="2017-11-21T00:51:45Z" finished-at="2017-11-21T00:51:58Z">
      <class name="VerifyTitle">
        <test-method status="PASS" signature="test_01()[pri:0, instance:VerifyTitle@6093dd95]" name="test_01" duration-ms="12162" started-at="2017-11-20T16:51:45Z" finished-at="2017-11-20T16:51:58Z">
          <reporter-output>
          </reporter-output>
        </test-method> <!-- test_01 -->
        <test-method status="PASS" signature="close()[pri:0, instance:VerifyTitle@6093dd95]" name="close" is-config="true" duration-ms="174" started-at="2017-11-20T16:51:58Z" finished-at="2017-11-20T16:51:58Z">
          <reporter-output>
          </reporter-output>
        </test-method> <!-- close -->
      </class> <!-- VerifyTitle -->
    </test> <!-- Test -->
  </suite> <!-- Suite -->
</testng-results>
