<?xml version="1.0" encoding="UTF-8"?>
<testng-results skipped="0" failed="0" ignored="0" total="1" passed="1">
  <reporter-output>
  </reporter-output>
  <suite name="Default suite" duration-ms="40076" started-at="2017-11-21T05:04:04Z" finished-at="2017-11-21T05:04:44Z">
    <groups>
    </groups>
    <test name="Default test" duration-ms="40076" started-at="2017-11-21T05:04:04Z" finished-at="2017-11-21T05:04:44Z">
      <class name="VerifyTitle">
        <test-method status="PASS" signature="setup()[pri:0, instance:VerifyTitle@5622fdf]" name="setup" is-config="true" duration-ms="2381" started-at="2017-11-20T21:04:04Z" finished-at="2017-11-20T21:04:06Z">
          <reporter-output>
          </reporter-output>
        </test-method> <!-- setup -->
        <test-method status="PASS" signature="test_01()[pri:0, instance:VerifyTitle@5622fdf]" name="test_01" duration-ms="37513" started-at="2017-11-20T21:04:06Z" finished-at="2017-11-20T21:04:44Z">
          <reporter-output>
          </reporter-output>
        </test-method> <!-- test_01 -->
        <test-method status="PASS" signature="close()[pri:0, instance:VerifyTitle@5622fdf]" name="close" is-config="true" duration-ms="140" started-at="2017-11-20T21:04:44Z" finished-at="2017-11-20T21:04:44Z">
          <reporter-output>
          </reporter-output>
        </test-method> <!-- close -->
      </class> <!-- VerifyTitle -->
    </test> <!-- Default test -->
  </suite> <!-- Default suite -->
</testng-results>
